<?xml version="1.0" encoding="UTF-8"?>
<!-- Generated by org.testng.reporters.JUnitXMLReporter -->
<testsuite ignored="0" hostname="Naveen" failures="1" tests="1" name="Test" time="9.439" errors="0" timestamp="2024-09-18T18:23:04 IST">
  <testcase classname="com.assignment_testCases.TC_003_SearchQueryPersistence" name="verifySearchQueryPersistence" time="0.551">
    <failure type="java.lang.AssertionError" message="expected [Recent rape cases happening in Indiaee] but found [Recent rape cases happening in India]">
      <![CDATA[java.lang.AssertionError: expected [Recent rape cases happening in Indiaee] but found [Recent rape cases happening in India]
at com.assignment_testCases.TC_003_SearchQueryPersistence.verifySearchQueryPersistence(TC_003_SearchQueryPersistence.java:28)
at java.base/java.util.ArrayList.forEach(ArrayList.java:1597)
... Removed 31 stack frames]]>
    </failure>
  </testcase> <!-- verifySearchQueryPersistence -->
</testsuite> <!-- Test -->
